Determining if the pthread_create exist failed with the following output:
Change Dir: /home/evamo0508/Documents/Folders/build/CMakeFiles/CMakeTmp

Run Build Command:"/usr/bin/make" "cmTC_af111/fast"
/usr/bin/make -f CMakeFiles/cmTC_af111.dir/build.make CMakeFiles/cmTC_af111.dir/build
make[1]: Entering directory '/home/evamo0508/Documents/Folders/build/CMakeFiles/CMakeTmp'
Building C object CMakeFiles/cmTC_af111.dir/CheckSymbolExists.c.o
/usr/bin/cc     -o CMakeFiles/cmTC_af111.dir/CheckSymbolExists.c.o   -c /home/evamo0508/Documents/Folders/build/CMakeFiles/CMakeTmp/CheckSymbolExists.c
Linking C executable cmTC_af111
/usr/bin/cmake -E cmake_link_script CMakeFiles/cmTC_af111.dir/link.txt --verbose=1
/usr/bin/cc       CMakeFiles/cmTC_af111.dir/CheckSymbolExists.c.o  -o cmTC_af111 -rdynamic 
CMakeFiles/cmTC_af111.dir/CheckSymbolExists.c.o: In function `main':
CheckSymbolExists.c:(.text+0x16): undefined reference to `pthread_create'
collect2: error: ld returned 1 exit status
CMakeFiles/cmTC_af111.dir/build.make:97: recipe for target 'cmTC_af111' failed
make[1]: *** [cmTC_af111] Error 1
make[1]: Leaving directory '/home/evamo0508/Documents/Folders/build/CMakeFiles/CMakeTmp'
Makefile:126: recipe for target 'cmTC_af111/fast' failed
make: *** [cmTC_af111/fast] Error 2

File /home/evamo0508/Documents/Folders/build/CMakeFiles/CMakeTmp/CheckSymbolExists.c:
/* */
#include <pthread.h>

int main(int argc, char** argv)
{
  (void)argv;
#ifndef pthread_create
  return ((int*)(&pthread_create))[argc];
#else
  (void)argc;
  return 0;
#endif
}

Determining if the function pthread_create exists in the pthreads failed with the following output:
Change Dir: /home/evamo0508/Documents/Folders/build/CMakeFiles/CMakeTmp

Run Build Command:"/usr/bin/make" "cmTC_f51de/fast"
/usr/bin/make -f CMakeFiles/cmTC_f51de.dir/build.make CMakeFiles/cmTC_f51de.dir/build
make[1]: Entering directory '/home/evamo0508/Documents/Folders/build/CMakeFiles/CMakeTmp'
Building C object CMakeFiles/cmTC_f51de.dir/CheckFunctionExists.c.o
/usr/bin/cc    -DCHECK_FUNCTION_EXISTS=pthread_create   -o CMakeFiles/cmTC_f51de.dir/CheckFunctionExists.c.o   -c /usr/share/cmake-3.5/Modules/CheckFunctionExists.c
Linking C executable cmTC_f51de
/usr/bin/cmake -E cmake_link_script CMakeFiles/cmTC_f51de.dir/link.txt --verbose=1
/usr/bin/cc   -DCHECK_FUNCTION_EXISTS=pthread_create    CMakeFiles/cmTC_f51de.dir/CheckFunctionExists.c.o  -o cmTC_f51de -rdynamic -lpthreads 
/usr/bin/ld: cannot find -lpthreads
collect2: error: ld returned 1 exit status
CMakeFiles/cmTC_f51de.dir/build.make:97: recipe for target 'cmTC_f51de' failed
make[1]: *** [cmTC_f51de] Error 1
make[1]: Leaving directory '/home/evamo0508/Documents/Folders/build/CMakeFiles/CMakeTmp'
Makefile:126: recipe for target 'cmTC_f51de/fast' failed
make: *** [cmTC_f51de/fast] Error 2


